Release 14.7 - xst P.20131013 (nt64)
Copyright (c) 1995-2013 Xilinx, Inc.  All rights reserved.
--> Parameter TMPDIR set to xst/projnav.tmp


Total REAL time to Xst completion: 0.00 secs
Total CPU time to Xst completion: 0.14 secs
 
--> Parameter xsthdpdir set to xst


Total REAL time to Xst completion: 0.00 secs
Total CPU time to Xst completion: 0.14 secs
 
--> Reading design: FIFO_4bit.prj

TABLE OF CONTENTS
  1) Synthesis Options Summary
  2) HDL Compilation
  3) Design Hierarchy Analysis
  4) HDL Analysis
  5) HDL Synthesis
     5.1) HDL Synthesis Report
  6) Advanced HDL Synthesis
     6.1) Advanced HDL Synthesis Report
  7) Low Level Synthesis
  8) Partition Report
  9) Final Report
	9.1) Device utilization summary
	9.2) Partition Resource Summary
	9.3) TIMING REPORT


=========================================================================
*                      Synthesis Options Summary                        *
=========================================================================
---- Source Parameters
Input File Name                    : "FIFO_4bit.prj"
Input Format                       : mixed
Ignore Synthesis Constraint File   : NO

---- Target Parameters
Output File Name                   : "FIFO_4bit"
Output Format                      : NGC
Target Device                      : xc3s250e-5-pq208

---- Source Options
Top Module Name                    : FIFO_4bit
Automatic FSM Extraction           : YES
FSM Encoding Algorithm             : Auto
Safe Implementation                : No
FSM Style                          : LUT
RAM Extraction                     : Yes
RAM Style                          : Auto
ROM Extraction                     : Yes
Mux Style                          : Auto
Decoder Extraction                 : YES
Priority Encoder Extraction        : Yes
Shift Register Extraction          : YES
Logical Shifter Extraction         : YES
XOR Collapsing                     : YES
ROM Style                          : Auto
Mux Extraction                     : Yes
Resource Sharing                   : YES
Asynchronous To Synchronous        : NO
Multiplier Style                   : Auto
Automatic Register Balancing       : No

---- Target Options
Add IO Buffers                     : YES
Global Maximum Fanout              : 100000
Add Generic Clock Buffer(BUFG)     : 24
Register Duplication               : YES
Slice Packing                      : YES
Optimize Instantiated Primitives   : NO
Use Clock Enable                   : Yes
Use Synchronous Set                : Yes
Use Synchronous Reset              : Yes
Pack IO Registers into IOBs        : Auto
Equivalent register Removal        : YES

---- General Options
Optimization Goal                  : Speed
Optimization Effort                : 1
Keep Hierarchy                     : No
Netlist Hierarchy                  : As_Optimized
RTL Output                         : Yes
Global Optimization                : AllClockNets
Read Cores                         : YES
Write Timing Constraints           : NO
Cross Clock Analysis               : NO
Hierarchy Separator                : /
Bus Delimiter                      : <>
Case Specifier                     : Maintain
Slice Utilization Ratio            : 100
BRAM Utilization Ratio             : 100
Verilog 2001                       : YES
Auto BRAM Packing                  : NO
Slice Utilization Ratio Delta      : 5

=========================================================================


=========================================================================
*                          HDL Compilation                              *
=========================================================================
Compiling vhdl file "G:/SUBJECTS/Course_Taught/VLSI_2019 Course/VHDL_codes_2024/FIFO/FIFO_4bit.vhd" in Library work.
Entity <FIFO_4bit> compiled.
Entity <FIFO_4bit> (Architecture <Behavioral>) compiled.

=========================================================================
*                     Design Hierarchy Analysis                         *
=========================================================================
Analyzing hierarchy for entity <FIFO_4bit> in library <work> (architecture <Behavioral>).


=========================================================================
*                            HDL Analysis                               *
=========================================================================
Analyzing Entity <FIFO_4bit> in library <work> (Architecture <Behavioral>).
WARNING:Xst:790 - "G:/SUBJECTS/Course_Taught/VLSI_2019 Course/VHDL_codes_2024/FIFO/FIFO_4bit.vhd" line 44: Index value(s) does not match array range, simulation mismatch.
INFO:Xst:1433 - Contents of array <memory> may be accessed with an index that exceeds the array size. This could cause simulation mismatch.
WARNING:Xst:790 - "G:/SUBJECTS/Course_Taught/VLSI_2019 Course/VHDL_codes_2024/FIFO/FIFO_4bit.vhd" line 52: Index value(s) does not match array range, simulation mismatch.
INFO:Xst:1433 - Contents of array <memory> may be accessed with an index that exceeds the array size. This could cause simulation mismatch.
WARNING:Xst:819 - "G:/SUBJECTS/Course_Taught/VLSI_2019 Course/VHDL_codes_2024/FIFO/FIFO_4bit.vhd" line 38: One or more signals are missing in the process sensitivity list. To enable synthesis of FPGA/CPLD hardware, XST will assume that all necessary signals are present in the sensitivity list. Please note that the result of the synthesis may differ from the initial design specification. The missing signals are:
   <readptr>, <writeptr>
Entity <FIFO_4bit> analyzed. Unit <FIFO_4bit> generated.


=========================================================================
*                           HDL Synthesis                               *
=========================================================================

Performing bidirectional port resolution...

Synthesizing Unit <FIFO_4bit>.
    Related source file is "G:/SUBJECTS/Course_Taught/VLSI_2019 Course/VHDL_codes_2024/FIFO/FIFO_4bit.vhd".
WARNING:Xst:647 - Input <rst> is never used. This port will be preserved and left unconnected if it belongs to a top-level block or it belongs to a sub-block and the hierarchy of this sub-block is preserved.
    Found 8x4-bit dual-port RAM <Mram_memory> for signal <memory>.
    Found 4-bit register for signal <dataout>.
    Found 4-bit up counter for signal <readptr>.
    Found 4-bit up counter for signal <writeptr>.
    Summary:
	inferred   1 RAM(s).
	inferred   2 Counter(s).
	inferred   4 D-type flip-flop(s).
Unit <FIFO_4bit> synthesized.


=========================================================================
HDL Synthesis Report

Macro Statistics
# RAMs                                                 : 1
 8x4-bit dual-port RAM                                 : 1
# Counters                                             : 2
 4-bit up counter                                      : 2
# Registers                                            : 1
 4-bit register                                        : 1

=========================================================================

=========================================================================
*                       Advanced HDL Synthesis                          *
=========================================================================


Synthesizing (advanced) Unit <FIFO_4bit>.
INFO:Xst:3231 - The small RAM <Mram_memory> will be implemented on LUTs in order to maximize performance and save block RAM resources. If you want to force its implementation on block, use option/constraint ram_style.
    -----------------------------------------------------------------------
    | ram_type           | Distributed                         |          |
    -----------------------------------------------------------------------
    | Port A                                                              |
    |     aspect ratio   | 8-word x 4-bit                      |          |
    |     clkA           | connected to signal <clk>           | rise     |
    |     weA            | connected to signal <_and0000>      | high     |
    |     addrA          | connected to signal <writeptr>      |          |
    |     diA            | connected to signal <datain>        |          |
    -----------------------------------------------------------------------
    | Port B                                                              |
    |     aspect ratio   | 8-word x 4-bit                      |          |
    |     addrB          | connected to signal <readptr>       |          |
    |     doB            | connected to internal node          |          |
    -----------------------------------------------------------------------
Unit <FIFO_4bit> synthesized (advanced).

=========================================================================
Advanced HDL Synthesis Report

Macro Statistics
# RAMs                                                 : 1
 8x4-bit dual-port distributed RAM                     : 1
# Counters                                             : 2
 4-bit up counter                                      : 2
# Registers                                            : 4
 Flip-Flops                                            : 4

=========================================================================

=========================================================================
*                         Low Level Synthesis                           *
=========================================================================

Optimizing unit <FIFO_4bit> ...

Mapping all equations...
Building and optimizing final netlist ...
Found area constraint ratio of 100 (+ 5) on block FIFO_4bit, actual ratio is 0.

Final Macro Processing ...

=========================================================================
Final Register Report

Macro Statistics
# Registers                                            : 12
 Flip-Flops                                            : 12

=========================================================================

=========================================================================
*                           Partition Report                            *
=========================================================================

Partition Implementation Status
-------------------------------

  No Partitions were found in this design.

-------------------------------

=========================================================================
*                            Final Report                               *
=========================================================================
Final Results
RTL Top Level Output File Name     : FIFO_4bit.ngr
Top Level Output File Name         : FIFO_4bit
Output Format                      : NGC
Optimization Goal                  : Speed
Keep Hierarchy                     : No

Design Statistics
# IOs                              : 14

Cell Usage :
# BELS                             : 13
#      GND                         : 1
#      INV                         : 2
#      LUT2                        : 4
#      LUT3                        : 2
#      LUT4                        : 4
# FlipFlops/Latches                : 12
#      FDE                         : 12
# RAMS                             : 4
#      RAM16X1D                    : 4
# Clock Buffers                    : 1
#      BUFGP                       : 1
# IO Buffers                       : 12
#      IBUF                        : 6
#      OBUF                        : 6
=========================================================================

Device utilization summary:
---------------------------

Selected Device : 3s250epq208-5 

 Number of Slices:                       10  out of   2448     0%  
 Number of Slice Flip Flops:             12  out of   4896     0%  
 Number of 4 input LUTs:                 20  out of   4896     0%  
    Number used as logic:                12
    Number used as RAMs:                  8
 Number of IOs:                          14
 Number of bonded IOBs:                  13  out of    158     8%  
 Number of GCLKs:                         1  out of     24     4%  

---------------------------
Partition Resource Summary:
---------------------------

  No Partitions were found in this design.

---------------------------


=========================================================================
TIMING REPORT

NOTE: THESE TIMING NUMBERS ARE ONLY A SYNTHESIS ESTIMATE.
      FOR ACCURATE TIMING INFORMATION PLEASE REFER TO THE TRACE REPORT
      GENERATED AFTER PLACE-and-ROUTE.

Clock Information:
------------------
-----------------------------------+------------------------+-------+
Clock Signal                       | Clock buffer(FF name)  | Load  |
-----------------------------------+------------------------+-------+
clk                                | BUFGP                  | 16    |
-----------------------------------+------------------------+-------+

Asynchronous Control Signals Information:
----------------------------------------
No asynchronous control signals found in this design

Timing Summary:
---------------
Speed Grade: -5

   Minimum period: 2.644ns (Maximum Frequency: 378.165MHz)
   Minimum input arrival time before clock: 3.376ns
   Maximum output required time after clock: 5.683ns
   Maximum combinational path delay: No path found

Timing Detail:
--------------
All values displayed in nanoseconds (ns)

=========================================================================
Timing constraint: Default period analysis for Clock 'clk'
  Clock period: 2.644ns (frequency: 378.165MHz)
  Total number of paths / destination ports: 60 / 36
-------------------------------------------------------------------------
Delay:               2.644ns (Levels of Logic = 1)
  Source:            writeptr_0 (FF)
  Destination:       writeptr_0 (FF)
  Source Clock:      clk rising
  Destination Clock: clk rising

  Data Path: writeptr_0 to writeptr_0
                                Gate     Net
    Cell:in->out      fanout   Delay   Delay  Logical Name (Net Name)
    ----------------------------------------  ------------
     FDE:C->Q             17   0.514   0.893  writeptr_0 (writeptr_0)
     INV:I->O              1   0.612   0.357  Mcount_writeptr_xor<0>11_INV_0 (Result<0>)
     FDE:D                     0.268          writeptr_0
    ----------------------------------------
    Total                      2.644ns (1.394ns logic, 1.250ns route)
                                       (52.7% logic, 47.3% route)

=========================================================================
Timing constraint: Default OFFSET IN BEFORE for Clock 'clk'
  Total number of paths / destination ports: 36 / 20
-------------------------------------------------------------------------
Offset:              3.376ns (Levels of Logic = 2)
  Source:            enr (PAD)
  Destination:       dataout_0 (FF)
  Destination Clock: clk rising

  Data Path: enr to dataout_0
                                Gate     Net
    Cell:in->out      fanout   Delay   Delay  Logical Name (Net Name)
    ----------------------------------------  ------------
     IBUF:I->O             2   1.106   0.532  enr_IBUF (enr_IBUF)
     LUT2:I0->O            8   0.612   0.643  readptr_and00001 (readptr_and0000)
     FDE:CE                    0.483          dataout_0
    ----------------------------------------
    Total                      3.376ns (2.201ns logic, 1.175ns route)
                                       (65.2% logic, 34.8% route)

=========================================================================
Timing constraint: Default OFFSET OUT AFTER for Clock 'clk'
  Total number of paths / destination ports: 12 / 6
-------------------------------------------------------------------------
Offset:              5.683ns (Levels of Logic = 2)
  Source:            writeptr_1 (FF)
  Destination:       full (PAD)
  Source Clock:      clk rising

  Data Path: writeptr_1 to full
                                Gate     Net
    Cell:in->out      fanout   Delay   Delay  Logical Name (Net Name)
    ----------------------------------------  ------------
     FDE:C->Q             16   0.514   1.031  writeptr_1 (writeptr_1)
     LUT4:I0->O            1   0.612   0.357  full_cmp_eq00001 (full_OBUF)
     OBUF:I->O                 3.169          full_OBUF (full)
    ----------------------------------------
    Total                      5.683ns (4.295ns logic, 1.388ns route)
                                       (75.6% logic, 24.4% route)

=========================================================================


Total REAL time to Xst completion: 5.00 secs
Total CPU time to Xst completion: 5.76 secs
 
--> 

Total memory usage is 4513508 kilobytes

Number of errors   :    0 (   0 filtered)
Number of warnings :    4 (   0 filtered)
Number of infos    :    3 (   0 filtered)

