Command line:
   ALU_TB_isim_beh.exe
     -simmode  gui
     -simrunnum  0
     -socket  59219

Mon Nov 11 19:21:59 2024


 Elaboration Time: 0.046875 sec

 Current Memory Usage: 5150.26 Meg

 Total Signals          : 8
 Total Nets             : 15
 Total Signal Drivers   : 4
 Total Blocks           : 5
 Total Primitive Blocks : 4
 Total Processes        : 2
 Total Traceable Variables  : 10
 Total Scalar Nets and Variables : 393
Total Line Count : 28

 Total Simulation Time: 0.078125 sec

 Current Memory Usage: 5150.26 Meg

Mon Nov 11 19:22:07 2024

