--------------------------------------------------------------------------------
Release 14.7 Trace  (nt64)
Copyright (c) 1995-2013 Xilinx, Inc.  All rights reserved.

D:\VLSI\14.7\ISE_DS\ISE\bin\nt64\unwrapped\trce.exe -intstyle ise -v 3 -s 5 -n
3 -fastpaths -xml ALU_4bit.twx ALU_4bit.ncd -o ALU_4bit.twr ALU_4bit.pcf

Design file:              ALU_4bit.ncd
Physical constraint file: ALU_4bit.pcf
Device,package,speed:     xc3s250e,pq208,-5 (PRODUCTION 1.27 2013-10-13)
Report level:             verbose report

Environment Variable      Effect 
--------------------      ------ 
NONE                      No environment variables were set
--------------------------------------------------------------------------------

INFO:Timing:2698 - No timing constraints found, doing default enumeration.
INFO:Timing:3412 - To improve timing, see the Timing Closure User Guide (UG612).
INFO:Timing:2752 - To get complete path coverage, use the unconstrained paths 
   option. All paths that are not constrained will be reported in the 
   unconstrained paths section(s) of the report.
INFO:Timing:3339 - The clock-to-out numbers in this timing report are based on 
   a 50 Ohm transmission line loading model.  For the details of this model, 
   and for more information on accounting for different loading conditions, 
   please see the device datasheet.
INFO:Timing:3390 - This architecture does not support a default System Jitter 
   value, please add SYSTEM_JITTER constraint to the UCF to modify the Clock 
   Uncertainty calculation.
INFO:Timing:3389 - This architecture does not support 'Discrete Jitter' and 
   'Phase Error' calculations, these terms will be zero in the Clock 
   Uncertainty calculation.  Please make appropriate modification to 
   SYSTEM_JITTER to account for the unsupported Discrete Jitter and Phase 
   Error.



Data Sheet report:
-----------------
All values displayed in nanoseconds (ns)

Pad to Pad
---------------+---------------+---------+
Source Pad     |Destination Pad|  Delay  |
---------------+---------------+---------+
a<0>           |y<0>           |    6.964|
a<0>           |y<1>           |    8.212|
a<0>           |y<2>           |    8.840|
a<0>           |y<3>           |   10.818|
a<1>           |y<1>           |    7.119|
a<1>           |y<2>           |    7.493|
a<1>           |y<3>           |    9.471|
a<2>           |y<2>           |    7.077|
a<2>           |y<3>           |    8.766|
a<3>           |y<3>           |    7.201|
b<0>           |y<0>           |    6.656|
b<0>           |y<1>           |    7.904|
b<0>           |y<2>           |    8.532|
b<0>           |y<3>           |   10.510|
b<1>           |y<1>           |    7.587|
b<1>           |y<2>           |    8.194|
b<1>           |y<3>           |   10.172|
b<2>           |y<2>           |    6.763|
b<2>           |y<3>           |    8.684|
b<3>           |y<3>           |    7.592|
sel<0>         |y<0>           |    8.118|
sel<0>         |y<1>           |    9.366|
sel<0>         |y<2>           |    9.994|
sel<0>         |y<3>           |   11.972|
sel<1>         |y<0>           |    8.107|
sel<1>         |y<1>           |    9.355|
sel<1>         |y<2>           |    9.983|
sel<1>         |y<3>           |   11.961|
sel<2>         |y<0>           |    7.670|
sel<2>         |y<1>           |    8.918|
sel<2>         |y<2>           |    9.546|
sel<2>         |y<3>           |   11.524|
---------------+---------------+---------+


Analysis completed Wed Nov 06 23:37:26 2024 
--------------------------------------------------------------------------------

Trace Settings:
-------------------------
Trace Settings 

Peak Memory Usage: 4493 MB



